15:00:22.945 INFO  reporter.SeleniumTestsReporter -generating report C:\Users\IBM_ADMIN\eclipse-workspace\webframework\target\test-classes\..\..\test-output\SeleniumTestReport.html
15:05:40.143 INFO  reporter.SeleniumTestsReporter -generating report C:\Users\IBM_ADMIN\eclipse-workspace\webframework\target\test-classes\..\..\test-output\SeleniumTestReport.html
15:05:40.332 ERROR reporter.SeleniumTestsReporter -Unable to find resource '/templates/report.part.header.html'
15:09:29.484 INFO  reporter.SeleniumTestsReporter -generating report C:\Users\IBM_ADMIN\eclipse-workspace\webframework\target\test-classes\..\..\test-output\SeleniumTestReport.html
15:09:29.658 ERROR reporter.SeleniumTestsReporter -Unable to find resource '/templates/report.part.header.html'
15:09:29.667 ERROR reporter.SeleniumTestsReporter -Unable to find resource '/templates/report.part.summary.html'
15:09:29.691 ERROR reporter.SeleniumTestsReporter -Unable to find resource '/templates/report.part.testDetail.html'
15:09:29.707 DEBUG reporter.SeleniumTestsReporter -Begin to write resource reporter/css/report.css to file C:\Users\IBM_ADMIN\eclipse-workspace\webframework\target\test-classes\..\..\test-output\resources\css\report.css
15:09:29.708 ERROR reporter.SeleniumTestsReporter -can not find resource on the class path: reporter/css/report.css
15:09:29.708 DEBUG reporter.SeleniumTestsReporter -Begin to write resource reporter/css/jquery.lightbox-0.5.css to file C:\Users\IBM_ADMIN\eclipse-workspace\webframework\target\test-classes\..\..\test-output\resources\css\jquery.lightbox-0.5.css
15:09:29.708 ERROR reporter.SeleniumTestsReporter -can not find resource on the class path: reporter/css/jquery.lightbox-0.5.css
15:09:29.709 DEBUG reporter.SeleniumTestsReporter -Begin to write resource reporter/css/mktree.css to file C:\Users\IBM_ADMIN\eclipse-workspace\webframework\target\test-classes\..\..\test-output\resources\css\mktree.css
15:09:29.709 ERROR reporter.SeleniumTestsReporter -can not find resource on the class path: reporter/css/mktree.css
15:09:29.709 DEBUG reporter.SeleniumTestsReporter -Begin to write resource reporter/images/lightbox/seleniumtests_lightbox-blank.gif to file C:\Users\IBM_ADMIN\eclipse-workspace\webframework\target\test-classes\..\..\test-output\resources\images\lightbox\seleniumtests_lightbox-blank.gif
15:09:29.709 ERROR reporter.SeleniumTestsReporter -can not find resource on the class path: reporter/images/lightbox/seleniumtests_lightbox-blank.gif
15:09:29.709 DEBUG reporter.SeleniumTestsReporter -Begin to write resource reporter/images/lightbox/seleniumtests_lightbox-btn-close.gif to file C:\Users\IBM_ADMIN\eclipse-workspace\webframework\target\test-classes\..\..\test-output\resources\images\lightbox\seleniumtests_lightbox-btn-close.gif
15:09:29.710 ERROR reporter.SeleniumTestsReporter -can not find resource on the class path: reporter/images/lightbox/seleniumtests_lightbox-btn-close.gif
15:09:29.710 DEBUG reporter.SeleniumTestsReporter -Begin to write resource reporter/images/lightbox/seleniumtests_lightbox-btn-next.gif to file C:\Users\IBM_ADMIN\eclipse-workspace\webframework\target\test-classes\..\..\test-output\resources\images\lightbox\seleniumtests_lightbox-btn-next.gif
15:09:29.710 ERROR reporter.SeleniumTestsReporter -can not find resource on the class path: reporter/images/lightbox/seleniumtests_lightbox-btn-next.gif
15:09:29.711 DEBUG reporter.SeleniumTestsReporter -Begin to write resource reporter/images/lightbox/seleniumtests_lightbox-btn-prev.gif to file C:\Users\IBM_ADMIN\eclipse-workspace\webframework\target\test-classes\..\..\test-output\resources\images\lightbox\seleniumtests_lightbox-btn-prev.gif
15:09:29.711 ERROR reporter.SeleniumTestsReporter -can not find resource on the class path: reporter/images/lightbox/seleniumtests_lightbox-btn-prev.gif
15:09:29.711 DEBUG reporter.SeleniumTestsReporter -Begin to write resource reporter/images/lightbox/seleniumtests_lightbox-ico-loading.gif to file C:\Users\IBM_ADMIN\eclipse-workspace\webframework\target\test-classes\..\..\test-output\resources\images\lightbox\seleniumtests_lightbox-ico-loading.gif
15:09:29.711 ERROR reporter.SeleniumTestsReporter -can not find resource on the class path: reporter/images/lightbox/seleniumtests_lightbox-ico-loading.gif
15:09:29.712 DEBUG reporter.SeleniumTestsReporter -Begin to write resource reporter/images/mktree/seleniumtests_bullet.gif to file C:\Users\IBM_ADMIN\eclipse-workspace\webframework\target\test-classes\..\..\test-output\resources\images\mktree\seleniumtests_bullet.gif
15:09:29.712 ERROR reporter.SeleniumTestsReporter -can not find resource on the class path: reporter/images/mktree/seleniumtests_bullet.gif
15:09:29.712 DEBUG reporter.SeleniumTestsReporter -Begin to write resource reporter/images/mktree/seleniumtests_minus.gif to file C:\Users\IBM_ADMIN\eclipse-workspace\webframework\target\test-classes\..\..\test-output\resources\images\mktree\seleniumtests_minus.gif
15:09:29.712 ERROR reporter.SeleniumTestsReporter -can not find resource on the class path: reporter/images/mktree/seleniumtests_minus.gif
15:09:29.712 DEBUG reporter.SeleniumTestsReporter -Begin to write resource reporter/images/mktree/seleniumtests_plus.gif to file C:\Users\IBM_ADMIN\eclipse-workspace\webframework\target\test-classes\..\..\test-output\resources\images\mktree\seleniumtests_plus.gif
15:09:29.713 ERROR reporter.SeleniumTestsReporter -can not find resource on the class path: reporter/images/mktree/seleniumtests_plus.gif
15:09:29.713 DEBUG reporter.SeleniumTestsReporter -Begin to write resource reporter/images/mktree/seleniumtests_test1.gif to file C:\Users\IBM_ADMIN\eclipse-workspace\webframework\target\test-classes\..\..\test-output\resources\images\mktree\seleniumtests_test1.gif
15:09:29.713 ERROR reporter.SeleniumTestsReporter -can not find resource on the class path: reporter/images/mktree/seleniumtests_test1.gif
15:09:29.713 DEBUG reporter.SeleniumTestsReporter -Begin to write resource reporter/images/mktree/seleniumtests_test2.gif to file C:\Users\IBM_ADMIN\eclipse-workspace\webframework\target\test-classes\..\..\test-output\resources\images\mktree\seleniumtests_test2.gif
15:09:29.714 ERROR reporter.SeleniumTestsReporter -can not find resource on the class path: reporter/images/mktree/seleniumtests_test2.gif
15:09:29.714 DEBUG reporter.SeleniumTestsReporter -Begin to write resource reporter/images/mktree/seleniumtests_test3.gif to file C:\Users\IBM_ADMIN\eclipse-workspace\webframework\target\test-classes\..\..\test-output\resources\images\mktree\seleniumtests_test3.gif
15:09:29.714 ERROR reporter.SeleniumTestsReporter -can not find resource on the class path: reporter/images/mktree/seleniumtests_test3.gif
15:09:29.715 DEBUG reporter.SeleniumTestsReporter -Begin to write resource reporter/images/mktree/seleniumtests_test3.gif to file C:\Users\IBM_ADMIN\eclipse-workspace\webframework\target\test-classes\..\..\test-output\resources\images\mktree\seleniumtests_test3.gif
15:09:29.715 ERROR reporter.SeleniumTestsReporter -can not find resource on the class path: reporter/images/mktree/seleniumtests_test3.gif
15:09:29.715 DEBUG reporter.SeleniumTestsReporter -Begin to write resource reporter/images/yukontoolbox/seleniumtests_footer_grad.gif to file C:\Users\IBM_ADMIN\eclipse-workspace\webframework\target\test-classes\..\..\test-output\resources\images\yukontoolbox\seleniumtests_footer_grad.gif
15:09:29.715 ERROR reporter.SeleniumTestsReporter -can not find resource on the class path: reporter/images/yukontoolbox/seleniumtests_footer_grad.gif
15:09:29.716 DEBUG reporter.SeleniumTestsReporter -Begin to write resource reporter/images/yukontoolbox/seleniumtests_grey_bl.gif to file C:\Users\IBM_ADMIN\eclipse-workspace\webframework\target\test-classes\..\..\test-output\resources\images\yukontoolbox\seleniumtests_grey_bl.gif
15:09:29.716 ERROR reporter.SeleniumTestsReporter -can not find resource on the class path: reporter/images/yukontoolbox/seleniumtests_grey_bl.gif
15:09:29.716 DEBUG reporter.SeleniumTestsReporter -Begin to write resource reporter/images/yukontoolbox/seleniumtests_grey_br.gif to file C:\Users\IBM_ADMIN\eclipse-workspace\webframework\target\test-classes\..\..\test-output\resources\images\yukontoolbox\seleniumtests_grey_br.gif
15:09:29.717 ERROR reporter.SeleniumTestsReporter -can not find resource on the class path: reporter/images/yukontoolbox/seleniumtests_grey_br.gif
15:09:29.717 DEBUG reporter.SeleniumTestsReporter -Begin to write resource reporter/images/yukontoolbox/seleniumtests_hovertab_l.gif to file C:\Users\IBM_ADMIN\eclipse-workspace\webframework\target\test-classes\..\..\test-output\resources\images\yukontoolbox\seleniumtests_hovertab_l.gif
15:09:29.717 ERROR reporter.SeleniumTestsReporter -can not find resource on the class path: reporter/images/yukontoolbox/seleniumtests_hovertab_l.gif
15:09:29.718 DEBUG reporter.SeleniumTestsReporter -Begin to write resource reporter/images/yukontoolbox/seleniumtests_hovertab_r.gif to file C:\Users\IBM_ADMIN\eclipse-workspace\webframework\target\test-classes\..\..\test-output\resources\images\yukontoolbox\seleniumtests_hovertab_r.gif
15:09:29.718 ERROR reporter.SeleniumTestsReporter -can not find resource on the class path: reporter/images/yukontoolbox/seleniumtests_hovertab_r.gif
15:09:29.718 DEBUG reporter.SeleniumTestsReporter -Begin to write resource reporter/images/yukontoolbox/seleniumtests_tabbed_nav_goldgradbg.png to file C:\Users\IBM_ADMIN\eclipse-workspace\webframework\target\test-classes\..\..\test-output\resources\images\yukontoolbox\seleniumtests_tabbed_nav_goldgradbg.png
15:09:29.719 ERROR reporter.SeleniumTestsReporter -can not find resource on the class path: reporter/images/yukontoolbox/seleniumtests_tabbed_nav_goldgradbg.png
15:09:29.719 DEBUG reporter.SeleniumTestsReporter -Begin to write resource reporter/images/yukontoolbox/seleniumtests_table_sep_left.gif to file C:\Users\IBM_ADMIN\eclipse-workspace\webframework\target\test-classes\..\..\test-output\resources\images\yukontoolbox\seleniumtests_table_sep_left.gif
15:09:29.719 ERROR reporter.SeleniumTestsReporter -can not find resource on the class path: reporter/images/yukontoolbox/seleniumtests_table_sep_left.gif
15:09:29.719 DEBUG reporter.SeleniumTestsReporter -Begin to write resource reporter/images/yukontoolbox/seleniumtests_table_sep_right.gif to file C:\Users\IBM_ADMIN\eclipse-workspace\webframework\target\test-classes\..\..\test-output\resources\images\yukontoolbox\seleniumtests_table_sep_right.gif
15:09:29.720 ERROR reporter.SeleniumTestsReporter -can not find resource on the class path: reporter/images/yukontoolbox/seleniumtests_table_sep_right.gif
15:09:29.720 DEBUG reporter.SeleniumTestsReporter -Begin to write resource reporter/images/yukontoolbox/seleniumtests_table_zebrastripe_left.gif to file C:\Users\IBM_ADMIN\eclipse-workspace\webframework\target\test-classes\..\..\test-output\resources\images\yukontoolbox\seleniumtests_table_zebrastripe_left.gif
15:09:29.720 ERROR reporter.SeleniumTestsReporter -can not find resource on the class path: reporter/images/yukontoolbox/seleniumtests_table_zebrastripe_left.gif
15:09:29.720 DEBUG reporter.SeleniumTestsReporter -Begin to write resource reporter/images/yukontoolbox/seleniumtests_table_zebrastripe_right.gif to file C:\Users\IBM_ADMIN\eclipse-workspace\webframework\target\test-classes\..\..\test-output\resources\images\yukontoolbox\seleniumtests_table_zebrastripe_right.gif
15:09:29.721 ERROR reporter.SeleniumTestsReporter -can not find resource on the class path: reporter/images/yukontoolbox/seleniumtests_table_zebrastripe_right.gif
15:09:29.721 DEBUG reporter.SeleniumTestsReporter -Begin to write resource reporter/images/yukontoolbox/seleniumtests_yellow_tr.gif to file C:\Users\IBM_ADMIN\eclipse-workspace\webframework\target\test-classes\..\..\test-output\resources\images\yukontoolbox\seleniumtests_yellow_tr.gif
15:09:29.721 ERROR reporter.SeleniumTestsReporter -can not find resource on the class path: reporter/images/yukontoolbox/seleniumtests_yellow_tr.gif
15:09:29.721 DEBUG reporter.SeleniumTestsReporter -Begin to write resource reporter/js/jquery-1.10.2.min.js to file C:\Users\IBM_ADMIN\eclipse-workspace\webframework\target\test-classes\..\..\test-output\resources\js\jquery-1.10.2.min.js
15:09:29.722 ERROR reporter.SeleniumTestsReporter -can not find resource on the class path: reporter/js/jquery-1.10.2.min.js
15:09:29.722 DEBUG reporter.SeleniumTestsReporter -Begin to write resource reporter/js/jquery.lightbox-0.5.min.js to file C:\Users\IBM_ADMIN\eclipse-workspace\webframework\target\test-classes\..\..\test-output\resources\js\jquery.lightbox-0.5.min.js
15:09:29.722 ERROR reporter.SeleniumTestsReporter -can not find resource on the class path: reporter/js/jquery.lightbox-0.5.min.js
15:09:29.722 DEBUG reporter.SeleniumTestsReporter -Begin to write resource reporter/js/mktree.js to file C:\Users\IBM_ADMIN\eclipse-workspace\webframework\target\test-classes\..\..\test-output\resources\js\mktree.js
15:09:29.723 ERROR reporter.SeleniumTestsReporter -can not find resource on the class path: reporter/js/mktree.js
15:09:29.723 DEBUG reporter.SeleniumTestsReporter -Begin to write resource reporter/js/report.js to file C:\Users\IBM_ADMIN\eclipse-workspace\webframework\target\test-classes\..\..\test-output\resources\js\report.js
15:09:29.723 ERROR reporter.SeleniumTestsReporter -can not find resource on the class path: reporter/js/report.js
15:09:29.723 DEBUG reporter.SeleniumTestsReporter -Begin to write resource reporter/js/browserdetect.js to file C:\Users\IBM_ADMIN\eclipse-workspace\webframework\target\test-classes\..\..\test-output\resources\js\browserdetect.js
15:09:29.724 ERROR reporter.SeleniumTestsReporter -can not find resource on the class path: reporter/js/browserdetect.js
15:09:29.724 INFO  reporter.SeleniumTestsReporter -Completed Report Generation.
15:10:40.146 INFO  reporter.SeleniumTestsReporter -generating report C:\Users\IBM_ADMIN\eclipse-workspace\webframework\target\test-classes\..\..\test-output\SeleniumTestReport.html
15:10:40.338 ERROR reporter.SeleniumTestsReporter -Unable to find resource '/templates/report.part.header.html'
15:10:40.347 ERROR reporter.SeleniumTestsReporter -Unable to find resource '/templates/report.part.summary.html'
15:10:40.379 ERROR reporter.SeleniumTestsReporter -Unable to find resource '/templates/report.part.testDetail.html'
15:10:40.395 DEBUG reporter.SeleniumTestsReporter -Begin to write resource reporter/css/report.css to file C:\Users\IBM_ADMIN\eclipse-workspace\webframework\target\test-classes\..\..\test-output\resources\css\report.css
15:10:40.396 ERROR reporter.SeleniumTestsReporter -can not find resource on the class path: reporter/css/report.css
15:10:40.396 DEBUG reporter.SeleniumTestsReporter -Begin to write resource reporter/css/jquery.lightbox-0.5.css to file C:\Users\IBM_ADMIN\eclipse-workspace\webframework\target\test-classes\..\..\test-output\resources\css\jquery.lightbox-0.5.css
15:10:40.397 ERROR reporter.SeleniumTestsReporter -can not find resource on the class path: reporter/css/jquery.lightbox-0.5.css
15:10:40.397 DEBUG reporter.SeleniumTestsReporter -Begin to write resource reporter/css/mktree.css to file C:\Users\IBM_ADMIN\eclipse-workspace\webframework\target\test-classes\..\..\test-output\resources\css\mktree.css
15:10:40.397 ERROR reporter.SeleniumTestsReporter -can not find resource on the class path: reporter/css/mktree.css
15:10:40.397 DEBUG reporter.SeleniumTestsReporter -Begin to write resource reporter/images/lightbox/seleniumtests_lightbox-blank.gif to file C:\Users\IBM_ADMIN\eclipse-workspace\webframework\target\test-classes\..\..\test-output\resources\images\lightbox\seleniumtests_lightbox-blank.gif
15:10:40.398 ERROR reporter.SeleniumTestsReporter -can not find resource on the class path: reporter/images/lightbox/seleniumtests_lightbox-blank.gif
15:10:40.398 DEBUG reporter.SeleniumTestsReporter -Begin to write resource reporter/images/lightbox/seleniumtests_lightbox-btn-close.gif to file C:\Users\IBM_ADMIN\eclipse-workspace\webframework\target\test-classes\..\..\test-output\resources\images\lightbox\seleniumtests_lightbox-btn-close.gif
15:10:40.399 ERROR reporter.SeleniumTestsReporter -can not find resource on the class path: reporter/images/lightbox/seleniumtests_lightbox-btn-close.gif
15:10:40.399 DEBUG reporter.SeleniumTestsReporter -Begin to write resource reporter/images/lightbox/seleniumtests_lightbox-btn-next.gif to file C:\Users\IBM_ADMIN\eclipse-workspace\webframework\target\test-classes\..\..\test-output\resources\images\lightbox\seleniumtests_lightbox-btn-next.gif
15:10:40.399 ERROR reporter.SeleniumTestsReporter -can not find resource on the class path: reporter/images/lightbox/seleniumtests_lightbox-btn-next.gif
15:10:40.400 DEBUG reporter.SeleniumTestsReporter -Begin to write resource reporter/images/lightbox/seleniumtests_lightbox-btn-prev.gif to file C:\Users\IBM_ADMIN\eclipse-workspace\webframework\target\test-classes\..\..\test-output\resources\images\lightbox\seleniumtests_lightbox-btn-prev.gif
15:10:40.400 ERROR reporter.SeleniumTestsReporter -can not find resource on the class path: reporter/images/lightbox/seleniumtests_lightbox-btn-prev.gif
15:10:40.400 DEBUG reporter.SeleniumTestsReporter -Begin to write resource reporter/images/lightbox/seleniumtests_lightbox-ico-loading.gif to file C:\Users\IBM_ADMIN\eclipse-workspace\webframework\target\test-classes\..\..\test-output\resources\images\lightbox\seleniumtests_lightbox-ico-loading.gif
15:10:40.400 ERROR reporter.SeleniumTestsReporter -can not find resource on the class path: reporter/images/lightbox/seleniumtests_lightbox-ico-loading.gif
15:10:40.401 DEBUG reporter.SeleniumTestsReporter -Begin to write resource reporter/images/mktree/seleniumtests_bullet.gif to file C:\Users\IBM_ADMIN\eclipse-workspace\webframework\target\test-classes\..\..\test-output\resources\images\mktree\seleniumtests_bullet.gif
15:10:40.401 ERROR reporter.SeleniumTestsReporter -can not find resource on the class path: reporter/images/mktree/seleniumtests_bullet.gif
15:10:40.401 DEBUG reporter.SeleniumTestsReporter -Begin to write resource reporter/images/mktree/seleniumtests_minus.gif to file C:\Users\IBM_ADMIN\eclipse-workspace\webframework\target\test-classes\..\..\test-output\resources\images\mktree\seleniumtests_minus.gif
15:10:40.401 ERROR reporter.SeleniumTestsReporter -can not find resource on the class path: reporter/images/mktree/seleniumtests_minus.gif
15:10:40.402 DEBUG reporter.SeleniumTestsReporter -Begin to write resource reporter/images/mktree/seleniumtests_plus.gif to file C:\Users\IBM_ADMIN\eclipse-workspace\webframework\target\test-classes\..\..\test-output\resources\images\mktree\seleniumtests_plus.gif
15:10:40.402 ERROR reporter.SeleniumTestsReporter -can not find resource on the class path: reporter/images/mktree/seleniumtests_plus.gif
15:10:40.402 DEBUG reporter.SeleniumTestsReporter -Begin to write resource reporter/images/mktree/seleniumtests_test1.gif to file C:\Users\IBM_ADMIN\eclipse-workspace\webframework\target\test-classes\..\..\test-output\resources\images\mktree\seleniumtests_test1.gif
15:10:40.403 ERROR reporter.SeleniumTestsReporter -can not find resource on the class path: reporter/images/mktree/seleniumtests_test1.gif
15:10:40.403 DEBUG reporter.SeleniumTestsReporter -Begin to write resource reporter/images/mktree/seleniumtests_test2.gif to file C:\Users\IBM_ADMIN\eclipse-workspace\webframework\target\test-classes\..\..\test-output\resources\images\mktree\seleniumtests_test2.gif
15:10:40.404 ERROR reporter.SeleniumTestsReporter -can not find resource on the class path: reporter/images/mktree/seleniumtests_test2.gif
15:10:40.404 DEBUG reporter.SeleniumTestsReporter -Begin to write resource reporter/images/mktree/seleniumtests_test3.gif to file C:\Users\IBM_ADMIN\eclipse-workspace\webframework\target\test-classes\..\..\test-output\resources\images\mktree\seleniumtests_test3.gif
15:10:40.404 ERROR reporter.SeleniumTestsReporter -can not find resource on the class path: reporter/images/mktree/seleniumtests_test3.gif
15:10:40.405 DEBUG reporter.SeleniumTestsReporter -Begin to write resource reporter/images/mktree/seleniumtests_test3.gif to file C:\Users\IBM_ADMIN\eclipse-workspace\webframework\target\test-classes\..\..\test-output\resources\images\mktree\seleniumtests_test3.gif
15:10:40.405 ERROR reporter.SeleniumTestsReporter -can not find resource on the class path: reporter/images/mktree/seleniumtests_test3.gif
15:10:40.405 DEBUG reporter.SeleniumTestsReporter -Begin to write resource reporter/images/yukontoolbox/seleniumtests_footer_grad.gif to file C:\Users\IBM_ADMIN\eclipse-workspace\webframework\target\test-classes\..\..\test-output\resources\images\yukontoolbox\seleniumtests_footer_grad.gif
15:10:40.406 ERROR reporter.SeleniumTestsReporter -can not find resource on the class path: reporter/images/yukontoolbox/seleniumtests_footer_grad.gif
15:10:40.406 DEBUG reporter.SeleniumTestsReporter -Begin to write resource reporter/images/yukontoolbox/seleniumtests_grey_bl.gif to file C:\Users\IBM_ADMIN\eclipse-workspace\webframework\target\test-classes\..\..\test-output\resources\images\yukontoolbox\seleniumtests_grey_bl.gif
15:10:40.406 ERROR reporter.SeleniumTestsReporter -can not find resource on the class path: reporter/images/yukontoolbox/seleniumtests_grey_bl.gif
15:10:40.407 DEBUG reporter.SeleniumTestsReporter -Begin to write resource reporter/images/yukontoolbox/seleniumtests_grey_br.gif to file C:\Users\IBM_ADMIN\eclipse-workspace\webframework\target\test-classes\..\..\test-output\resources\images\yukontoolbox\seleniumtests_grey_br.gif
15:10:40.407 ERROR reporter.SeleniumTestsReporter -can not find resource on the class path: reporter/images/yukontoolbox/seleniumtests_grey_br.gif
15:10:40.407 DEBUG reporter.SeleniumTestsReporter -Begin to write resource reporter/images/yukontoolbox/seleniumtests_hovertab_l.gif to file C:\Users\IBM_ADMIN\eclipse-workspace\webframework\target\test-classes\..\..\test-output\resources\images\yukontoolbox\seleniumtests_hovertab_l.gif
15:10:40.408 ERROR reporter.SeleniumTestsReporter -can not find resource on the class path: reporter/images/yukontoolbox/seleniumtests_hovertab_l.gif
15:10:40.408 DEBUG reporter.SeleniumTestsReporter -Begin to write resource reporter/images/yukontoolbox/seleniumtests_hovertab_r.gif to file C:\Users\IBM_ADMIN\eclipse-workspace\webframework\target\test-classes\..\..\test-output\resources\images\yukontoolbox\seleniumtests_hovertab_r.gif
15:10:40.408 ERROR reporter.SeleniumTestsReporter -can not find resource on the class path: reporter/images/yukontoolbox/seleniumtests_hovertab_r.gif
15:10:40.409 DEBUG reporter.SeleniumTestsReporter -Begin to write resource reporter/images/yukontoolbox/seleniumtests_tabbed_nav_goldgradbg.png to file C:\Users\IBM_ADMIN\eclipse-workspace\webframework\target\test-classes\..\..\test-output\resources\images\yukontoolbox\seleniumtests_tabbed_nav_goldgradbg.png
15:10:40.409 ERROR reporter.SeleniumTestsReporter -can not find resource on the class path: reporter/images/yukontoolbox/seleniumtests_tabbed_nav_goldgradbg.png
15:10:40.410 DEBUG reporter.SeleniumTestsReporter -Begin to write resource reporter/images/yukontoolbox/seleniumtests_table_sep_left.gif to file C:\Users\IBM_ADMIN\eclipse-workspace\webframework\target\test-classes\..\..\test-output\resources\images\yukontoolbox\seleniumtests_table_sep_left.gif
15:10:40.410 ERROR reporter.SeleniumTestsReporter -can not find resource on the class path: reporter/images/yukontoolbox/seleniumtests_table_sep_left.gif
15:10:40.410 DEBUG reporter.SeleniumTestsReporter -Begin to write resource reporter/images/yukontoolbox/seleniumtests_table_sep_right.gif to file C:\Users\IBM_ADMIN\eclipse-workspace\webframework\target\test-classes\..\..\test-output\resources\images\yukontoolbox\seleniumtests_table_sep_right.gif
15:10:40.411 ERROR reporter.SeleniumTestsReporter -can not find resource on the class path: reporter/images/yukontoolbox/seleniumtests_table_sep_right.gif
15:10:40.411 DEBUG reporter.SeleniumTestsReporter -Begin to write resource reporter/images/yukontoolbox/seleniumtests_table_zebrastripe_left.gif to file C:\Users\IBM_ADMIN\eclipse-workspace\webframework\target\test-classes\..\..\test-output\resources\images\yukontoolbox\seleniumtests_table_zebrastripe_left.gif
15:10:40.412 ERROR reporter.SeleniumTestsReporter -can not find resource on the class path: reporter/images/yukontoolbox/seleniumtests_table_zebrastripe_left.gif
15:10:40.412 DEBUG reporter.SeleniumTestsReporter -Begin to write resource reporter/images/yukontoolbox/seleniumtests_table_zebrastripe_right.gif to file C:\Users\IBM_ADMIN\eclipse-workspace\webframework\target\test-classes\..\..\test-output\resources\images\yukontoolbox\seleniumtests_table_zebrastripe_right.gif
15:10:40.412 ERROR reporter.SeleniumTestsReporter -can not find resource on the class path: reporter/images/yukontoolbox/seleniumtests_table_zebrastripe_right.gif
15:10:40.412 DEBUG reporter.SeleniumTestsReporter -Begin to write resource reporter/images/yukontoolbox/seleniumtests_yellow_tr.gif to file C:\Users\IBM_ADMIN\eclipse-workspace\webframework\target\test-classes\..\..\test-output\resources\images\yukontoolbox\seleniumtests_yellow_tr.gif
15:10:40.413 ERROR reporter.SeleniumTestsReporter -can not find resource on the class path: reporter/images/yukontoolbox/seleniumtests_yellow_tr.gif
15:10:40.413 DEBUG reporter.SeleniumTestsReporter -Begin to write resource reporter/js/jquery-1.10.2.min.js to file C:\Users\IBM_ADMIN\eclipse-workspace\webframework\target\test-classes\..\..\test-output\resources\js\jquery-1.10.2.min.js
15:10:40.413 ERROR reporter.SeleniumTestsReporter -can not find resource on the class path: reporter/js/jquery-1.10.2.min.js
15:10:40.413 DEBUG reporter.SeleniumTestsReporter -Begin to write resource reporter/js/jquery.lightbox-0.5.min.js to file C:\Users\IBM_ADMIN\eclipse-workspace\webframework\target\test-classes\..\..\test-output\resources\js\jquery.lightbox-0.5.min.js
15:10:40.414 ERROR reporter.SeleniumTestsReporter -can not find resource on the class path: reporter/js/jquery.lightbox-0.5.min.js
15:10:40.414 DEBUG reporter.SeleniumTestsReporter -Begin to write resource reporter/js/mktree.js to file C:\Users\IBM_ADMIN\eclipse-workspace\webframework\target\test-classes\..\..\test-output\resources\js\mktree.js
15:10:40.414 ERROR reporter.SeleniumTestsReporter -can not find resource on the class path: reporter/js/mktree.js
15:10:40.414 DEBUG reporter.SeleniumTestsReporter -Begin to write resource reporter/js/report.js to file C:\Users\IBM_ADMIN\eclipse-workspace\webframework\target\test-classes\..\..\test-output\resources\js\report.js
15:10:40.415 ERROR reporter.SeleniumTestsReporter -can not find resource on the class path: reporter/js/report.js
15:10:40.415 DEBUG reporter.SeleniumTestsReporter -Begin to write resource reporter/js/browserdetect.js to file C:\Users\IBM_ADMIN\eclipse-workspace\webframework\target\test-classes\..\..\test-output\resources\js\browserdetect.js
15:10:40.415 ERROR reporter.SeleniumTestsReporter -can not find resource on the class path: reporter/js/browserdetect.js
15:10:40.416 INFO  reporter.SeleniumTestsReporter -Completed Report Generation.
15:14:02.091 INFO  reporter.SeleniumTestsReporter -generating report C:\Users\IBM_ADMIN\eclipse-workspace\webframework\target\test-classes\..\..\test-output\SeleniumTestReport.html
15:14:02.322 ERROR reporter.SeleniumTestsReporter -Unable to find resource '/templates/report.part.header.html'
15:14:02.332 ERROR reporter.SeleniumTestsReporter -Unable to find resource '/templates/report.part.summary.html'
15:14:02.362 ERROR reporter.SeleniumTestsReporter -Unable to find resource '/templates/report.part.testDetail.html'
15:14:02.372 DEBUG reporter.SeleniumTestsReporter -Begin to write resource reporter/css/report.css to file C:\Users\IBM_ADMIN\eclipse-workspace\webframework\target\test-classes\..\..\test-output\resources\css\report.css
15:14:02.373 ERROR reporter.SeleniumTestsReporter -can not find resource on the class path: reporter/css/report.css
15:14:02.373 DEBUG reporter.SeleniumTestsReporter -Begin to write resource reporter/css/jquery.lightbox-0.5.css to file C:\Users\IBM_ADMIN\eclipse-workspace\webframework\target\test-classes\..\..\test-output\resources\css\jquery.lightbox-0.5.css
15:14:02.374 ERROR reporter.SeleniumTestsReporter -can not find resource on the class path: reporter/css/jquery.lightbox-0.5.css
15:14:02.374 DEBUG reporter.SeleniumTestsReporter -Begin to write resource reporter/css/mktree.css to file C:\Users\IBM_ADMIN\eclipse-workspace\webframework\target\test-classes\..\..\test-output\resources\css\mktree.css
15:14:02.374 ERROR reporter.SeleniumTestsReporter -can not find resource on the class path: reporter/css/mktree.css
15:14:02.374 DEBUG reporter.SeleniumTestsReporter -Begin to write resource reporter/images/lightbox/seleniumtests_lightbox-blank.gif to file C:\Users\IBM_ADMIN\eclipse-workspace\webframework\target\test-classes\..\..\test-output\resources\images\lightbox\seleniumtests_lightbox-blank.gif
15:14:02.375 ERROR reporter.SeleniumTestsReporter -can not find resource on the class path: reporter/images/lightbox/seleniumtests_lightbox-blank.gif
15:14:02.375 DEBUG reporter.SeleniumTestsReporter -Begin to write resource reporter/images/lightbox/seleniumtests_lightbox-btn-close.gif to file C:\Users\IBM_ADMIN\eclipse-workspace\webframework\target\test-classes\..\..\test-output\resources\images\lightbox\seleniumtests_lightbox-btn-close.gif
15:14:02.376 ERROR reporter.SeleniumTestsReporter -can not find resource on the class path: reporter/images/lightbox/seleniumtests_lightbox-btn-close.gif
15:14:02.376 DEBUG reporter.SeleniumTestsReporter -Begin to write resource reporter/images/lightbox/seleniumtests_lightbox-btn-next.gif to file C:\Users\IBM_ADMIN\eclipse-workspace\webframework\target\test-classes\..\..\test-output\resources\images\lightbox\seleniumtests_lightbox-btn-next.gif
15:14:02.376 ERROR reporter.SeleniumTestsReporter -can not find resource on the class path: reporter/images/lightbox/seleniumtests_lightbox-btn-next.gif
15:14:02.377 DEBUG reporter.SeleniumTestsReporter -Begin to write resource reporter/images/lightbox/seleniumtests_lightbox-btn-prev.gif to file C:\Users\IBM_ADMIN\eclipse-workspace\webframework\target\test-classes\..\..\test-output\resources\images\lightbox\seleniumtests_lightbox-btn-prev.gif
15:14:02.377 ERROR reporter.SeleniumTestsReporter -can not find resource on the class path: reporter/images/lightbox/seleniumtests_lightbox-btn-prev.gif
15:14:02.377 DEBUG reporter.SeleniumTestsReporter -Begin to write resource reporter/images/lightbox/seleniumtests_lightbox-ico-loading.gif to file C:\Users\IBM_ADMIN\eclipse-workspace\webframework\target\test-classes\..\..\test-output\resources\images\lightbox\seleniumtests_lightbox-ico-loading.gif
15:14:02.378 ERROR reporter.SeleniumTestsReporter -can not find resource on the class path: reporter/images/lightbox/seleniumtests_lightbox-ico-loading.gif
15:14:02.378 DEBUG reporter.SeleniumTestsReporter -Begin to write resource reporter/images/mktree/seleniumtests_bullet.gif to file C:\Users\IBM_ADMIN\eclipse-workspace\webframework\target\test-classes\..\..\test-output\resources\images\mktree\seleniumtests_bullet.gif
15:14:02.379 ERROR reporter.SeleniumTestsReporter -can not find resource on the class path: reporter/images/mktree/seleniumtests_bullet.gif
15:14:02.379 DEBUG reporter.SeleniumTestsReporter -Begin to write resource reporter/images/mktree/seleniumtests_minus.gif to file C:\Users\IBM_ADMIN\eclipse-workspace\webframework\target\test-classes\..\..\test-output\resources\images\mktree\seleniumtests_minus.gif
15:14:02.379 ERROR reporter.SeleniumTestsReporter -can not find resource on the class path: reporter/images/mktree/seleniumtests_minus.gif
15:14:02.380 DEBUG reporter.SeleniumTestsReporter -Begin to write resource reporter/images/mktree/seleniumtests_plus.gif to file C:\Users\IBM_ADMIN\eclipse-workspace\webframework\target\test-classes\..\..\test-output\resources\images\mktree\seleniumtests_plus.gif
15:14:02.380 ERROR reporter.SeleniumTestsReporter -can not find resource on the class path: reporter/images/mktree/seleniumtests_plus.gif
15:14:02.380 DEBUG reporter.SeleniumTestsReporter -Begin to write resource reporter/images/mktree/seleniumtests_test1.gif to file C:\Users\IBM_ADMIN\eclipse-workspace\webframework\target\test-classes\..\..\test-output\resources\images\mktree\seleniumtests_test1.gif
15:14:02.381 ERROR reporter.SeleniumTestsReporter -can not find resource on the class path: reporter/images/mktree/seleniumtests_test1.gif
15:14:02.381 DEBUG reporter.SeleniumTestsReporter -Begin to write resource reporter/images/mktree/seleniumtests_test2.gif to file C:\Users\IBM_ADMIN\eclipse-workspace\webframework\target\test-classes\..\..\test-output\resources\images\mktree\seleniumtests_test2.gif
15:14:02.381 ERROR reporter.SeleniumTestsReporter -can not find resource on the class path: reporter/images/mktree/seleniumtests_test2.gif
15:14:02.382 DEBUG reporter.SeleniumTestsReporter -Begin to write resource reporter/images/mktree/seleniumtests_test3.gif to file C:\Users\IBM_ADMIN\eclipse-workspace\webframework\target\test-classes\..\..\test-output\resources\images\mktree\seleniumtests_test3.gif
15:14:02.382 ERROR reporter.SeleniumTestsReporter -can not find resource on the class path: reporter/images/mktree/seleniumtests_test3.gif
15:14:02.382 DEBUG reporter.SeleniumTestsReporter -Begin to write resource reporter/images/mktree/seleniumtests_test3.gif to file C:\Users\IBM_ADMIN\eclipse-workspace\webframework\target\test-classes\..\..\test-output\resources\images\mktree\seleniumtests_test3.gif
15:14:02.383 ERROR reporter.SeleniumTestsReporter -can not find resource on the class path: reporter/images/mktree/seleniumtests_test3.gif
15:14:02.383 DEBUG reporter.SeleniumTestsReporter -Begin to write resource reporter/images/yukontoolbox/seleniumtests_footer_grad.gif to file C:\Users\IBM_ADMIN\eclipse-workspace\webframework\target\test-classes\..\..\test-output\resources\images\yukontoolbox\seleniumtests_footer_grad.gif
15:14:02.383 ERROR reporter.SeleniumTestsReporter -can not find resource on the class path: reporter/images/yukontoolbox/seleniumtests_footer_grad.gif
15:14:02.383 DEBUG reporter.SeleniumTestsReporter -Begin to write resource reporter/images/yukontoolbox/seleniumtests_grey_bl.gif to file C:\Users\IBM_ADMIN\eclipse-workspace\webframework\target\test-classes\..\..\test-output\resources\images\yukontoolbox\seleniumtests_grey_bl.gif
15:14:02.384 ERROR reporter.SeleniumTestsReporter -can not find resource on the class path: reporter/images/yukontoolbox/seleniumtests_grey_bl.gif
15:14:02.384 DEBUG reporter.SeleniumTestsReporter -Begin to write resource reporter/images/yukontoolbox/seleniumtests_grey_br.gif to file C:\Users\IBM_ADMIN\eclipse-workspace\webframework\target\test-classes\..\..\test-output\resources\images\yukontoolbox\seleniumtests_grey_br.gif
15:14:02.385 ERROR reporter.SeleniumTestsReporter -can not find resource on the class path: reporter/images/yukontoolbox/seleniumtests_grey_br.gif
15:14:02.385 DEBUG reporter.SeleniumTestsReporter -Begin to write resource reporter/images/yukontoolbox/seleniumtests_hovertab_l.gif to file C:\Users\IBM_ADMIN\eclipse-workspace\webframework\target\test-classes\..\..\test-output\resources\images\yukontoolbox\seleniumtests_hovertab_l.gif
15:14:02.386 ERROR reporter.SeleniumTestsReporter -can not find resource on the class path: reporter/images/yukontoolbox/seleniumtests_hovertab_l.gif
15:14:02.386 DEBUG reporter.SeleniumTestsReporter -Begin to write resource reporter/images/yukontoolbox/seleniumtests_hovertab_r.gif to file C:\Users\IBM_ADMIN\eclipse-workspace\webframework\target\test-classes\..\..\test-output\resources\images\yukontoolbox\seleniumtests_hovertab_r.gif
15:14:02.386 ERROR reporter.SeleniumTestsReporter -can not find resource on the class path: reporter/images/yukontoolbox/seleniumtests_hovertab_r.gif
15:14:02.387 DEBUG reporter.SeleniumTestsReporter -Begin to write resource reporter/images/yukontoolbox/seleniumtests_tabbed_nav_goldgradbg.png to file C:\Users\IBM_ADMIN\eclipse-workspace\webframework\target\test-classes\..\..\test-output\resources\images\yukontoolbox\seleniumtests_tabbed_nav_goldgradbg.png
15:14:02.387 ERROR reporter.SeleniumTestsReporter -can not find resource on the class path: reporter/images/yukontoolbox/seleniumtests_tabbed_nav_goldgradbg.png
15:14:02.387 DEBUG reporter.SeleniumTestsReporter -Begin to write resource reporter/images/yukontoolbox/seleniumtests_table_sep_left.gif to file C:\Users\IBM_ADMIN\eclipse-workspace\webframework\target\test-classes\..\..\test-output\resources\images\yukontoolbox\seleniumtests_table_sep_left.gif
15:14:02.388 ERROR reporter.SeleniumTestsReporter -can not find resource on the class path: reporter/images/yukontoolbox/seleniumtests_table_sep_left.gif
15:14:02.388 DEBUG reporter.SeleniumTestsReporter -Begin to write resource reporter/images/yukontoolbox/seleniumtests_table_sep_right.gif to file C:\Users\IBM_ADMIN\eclipse-workspace\webframework\target\test-classes\..\..\test-output\resources\images\yukontoolbox\seleniumtests_table_sep_right.gif
15:14:02.389 ERROR reporter.SeleniumTestsReporter -can not find resource on the class path: reporter/images/yukontoolbox/seleniumtests_table_sep_right.gif
15:14:02.389 DEBUG reporter.SeleniumTestsReporter -Begin to write resource reporter/images/yukontoolbox/seleniumtests_table_zebrastripe_left.gif to file C:\Users\IBM_ADMIN\eclipse-workspace\webframework\target\test-classes\..\..\test-output\resources\images\yukontoolbox\seleniumtests_table_zebrastripe_left.gif
15:14:02.389 ERROR reporter.SeleniumTestsReporter -can not find resource on the class path: reporter/images/yukontoolbox/seleniumtests_table_zebrastripe_left.gif
15:14:02.390 DEBUG reporter.SeleniumTestsReporter -Begin to write resource reporter/images/yukontoolbox/seleniumtests_table_zebrastripe_right.gif to file C:\Users\IBM_ADMIN\eclipse-workspace\webframework\target\test-classes\..\..\test-output\resources\images\yukontoolbox\seleniumtests_table_zebrastripe_right.gif
15:14:02.390 ERROR reporter.SeleniumTestsReporter -can not find resource on the class path: reporter/images/yukontoolbox/seleniumtests_table_zebrastripe_right.gif
15:14:02.390 DEBUG reporter.SeleniumTestsReporter -Begin to write resource reporter/images/yukontoolbox/seleniumtests_yellow_tr.gif to file C:\Users\IBM_ADMIN\eclipse-workspace\webframework\target\test-classes\..\..\test-output\resources\images\yukontoolbox\seleniumtests_yellow_tr.gif
15:14:02.391 ERROR reporter.SeleniumTestsReporter -can not find resource on the class path: reporter/images/yukontoolbox/seleniumtests_yellow_tr.gif
15:14:02.391 DEBUG reporter.SeleniumTestsReporter -Begin to write resource reporter/js/jquery-1.10.2.min.js to file C:\Users\IBM_ADMIN\eclipse-workspace\webframework\target\test-classes\..\..\test-output\resources\js\jquery-1.10.2.min.js
15:14:02.392 ERROR reporter.SeleniumTestsReporter -can not find resource on the class path: reporter/js/jquery-1.10.2.min.js
15:14:02.392 DEBUG reporter.SeleniumTestsReporter -Begin to write resource reporter/js/jquery.lightbox-0.5.min.js to file C:\Users\IBM_ADMIN\eclipse-workspace\webframework\target\test-classes\..\..\test-output\resources\js\jquery.lightbox-0.5.min.js
15:14:02.392 ERROR reporter.SeleniumTestsReporter -can not find resource on the class path: reporter/js/jquery.lightbox-0.5.min.js
15:14:02.393 DEBUG reporter.SeleniumTestsReporter -Begin to write resource reporter/js/mktree.js to file C:\Users\IBM_ADMIN\eclipse-workspace\webframework\target\test-classes\..\..\test-output\resources\js\mktree.js
15:14:02.393 ERROR reporter.SeleniumTestsReporter -can not find resource on the class path: reporter/js/mktree.js
15:14:02.393 DEBUG reporter.SeleniumTestsReporter -Begin to write resource reporter/js/report.js to file C:\Users\IBM_ADMIN\eclipse-workspace\webframework\target\test-classes\..\..\test-output\resources\js\report.js
15:14:02.394 ERROR reporter.SeleniumTestsReporter -can not find resource on the class path: reporter/js/report.js
15:14:02.394 DEBUG reporter.SeleniumTestsReporter -Begin to write resource reporter/js/browserdetect.js to file C:\Users\IBM_ADMIN\eclipse-workspace\webframework\target\test-classes\..\..\test-output\resources\js\browserdetect.js
15:14:02.395 ERROR reporter.SeleniumTestsReporter -can not find resource on the class path: reporter/js/browserdetect.js
15:14:02.395 INFO  reporter.SeleniumTestsReporter -Completed Report Generation.
15:19:49.503 INFO  reporter.SeleniumTestsReporter -generating report C:\Users\IBM_ADMIN\eclipse-workspace\webframework\target\test-classes\..\..\test-output\SeleniumTestReport.html
15:19:53.349 ERROR reporter.SeleniumTestsReporter -Unable to find resource '/templates/report.part.header.html'
15:20:07.828 ERROR reporter.SeleniumTestsReporter -Unable to find resource '/templates/report.part.summary.html'
15:20:11.256 ERROR reporter.SeleniumTestsReporter -Unable to find resource '/templates/report.part.testDetail.html'
15:20:15.660 DEBUG reporter.SeleniumTestsReporter -Begin to write resource reporter/css/report.css to file C:\Users\IBM_ADMIN\eclipse-workspace\webframework\target\test-classes\..\..\test-output\resources\css\report.css
15:20:15.674 ERROR reporter.SeleniumTestsReporter -can not find resource on the class path: reporter/css/report.css
15:20:15.679 DEBUG reporter.SeleniumTestsReporter -Begin to write resource reporter/css/jquery.lightbox-0.5.css to file C:\Users\IBM_ADMIN\eclipse-workspace\webframework\target\test-classes\..\..\test-output\resources\css\jquery.lightbox-0.5.css
15:20:15.694 ERROR reporter.SeleniumTestsReporter -can not find resource on the class path: reporter/css/jquery.lightbox-0.5.css
15:20:15.699 DEBUG reporter.SeleniumTestsReporter -Begin to write resource reporter/css/mktree.css to file C:\Users\IBM_ADMIN\eclipse-workspace\webframework\target\test-classes\..\..\test-output\resources\css\mktree.css
15:20:15.714 ERROR reporter.SeleniumTestsReporter -can not find resource on the class path: reporter/css/mktree.css
15:20:15.719 DEBUG reporter.SeleniumTestsReporter -Begin to write resource reporter/images/lightbox/seleniumtests_lightbox-blank.gif to file C:\Users\IBM_ADMIN\eclipse-workspace\webframework\target\test-classes\..\..\test-output\resources\images\lightbox\seleniumtests_lightbox-blank.gif
15:20:15.735 ERROR reporter.SeleniumTestsReporter -can not find resource on the class path: reporter/images/lightbox/seleniumtests_lightbox-blank.gif
15:20:15.741 DEBUG reporter.SeleniumTestsReporter -Begin to write resource reporter/images/lightbox/seleniumtests_lightbox-btn-close.gif to file C:\Users\IBM_ADMIN\eclipse-workspace\webframework\target\test-classes\..\..\test-output\resources\images\lightbox\seleniumtests_lightbox-btn-close.gif
15:20:15.757 ERROR reporter.SeleniumTestsReporter -can not find resource on the class path: reporter/images/lightbox/seleniumtests_lightbox-btn-close.gif
15:20:15.763 DEBUG reporter.SeleniumTestsReporter -Begin to write resource reporter/images/lightbox/seleniumtests_lightbox-btn-next.gif to file C:\Users\IBM_ADMIN\eclipse-workspace\webframework\target\test-classes\..\..\test-output\resources\images\lightbox\seleniumtests_lightbox-btn-next.gif
15:20:15.780 ERROR reporter.SeleniumTestsReporter -can not find resource on the class path: reporter/images/lightbox/seleniumtests_lightbox-btn-next.gif
15:20:15.787 DEBUG reporter.SeleniumTestsReporter -Begin to write resource reporter/images/lightbox/seleniumtests_lightbox-btn-prev.gif to file C:\Users\IBM_ADMIN\eclipse-workspace\webframework\target\test-classes\..\..\test-output\resources\images\lightbox\seleniumtests_lightbox-btn-prev.gif
15:20:15.802 ERROR reporter.SeleniumTestsReporter -can not find resource on the class path: reporter/images/lightbox/seleniumtests_lightbox-btn-prev.gif
15:20:15.809 DEBUG reporter.SeleniumTestsReporter -Begin to write resource reporter/images/lightbox/seleniumtests_lightbox-ico-loading.gif to file C:\Users\IBM_ADMIN\eclipse-workspace\webframework\target\test-classes\..\..\test-output\resources\images\lightbox\seleniumtests_lightbox-ico-loading.gif
15:20:15.825 ERROR reporter.SeleniumTestsReporter -can not find resource on the class path: reporter/images/lightbox/seleniumtests_lightbox-ico-loading.gif
15:20:15.831 DEBUG reporter.SeleniumTestsReporter -Begin to write resource reporter/images/mktree/seleniumtests_bullet.gif to file C:\Users\IBM_ADMIN\eclipse-workspace\webframework\target\test-classes\..\..\test-output\resources\images\mktree\seleniumtests_bullet.gif
15:20:15.848 ERROR reporter.SeleniumTestsReporter -can not find resource on the class path: reporter/images/mktree/seleniumtests_bullet.gif
15:20:15.855 DEBUG reporter.SeleniumTestsReporter -Begin to write resource reporter/images/mktree/seleniumtests_minus.gif to file C:\Users\IBM_ADMIN\eclipse-workspace\webframework\target\test-classes\..\..\test-output\resources\images\mktree\seleniumtests_minus.gif
15:20:15.871 ERROR reporter.SeleniumTestsReporter -can not find resource on the class path: reporter/images/mktree/seleniumtests_minus.gif
15:20:15.876 DEBUG reporter.SeleniumTestsReporter -Begin to write resource reporter/images/mktree/seleniumtests_plus.gif to file C:\Users\IBM_ADMIN\eclipse-workspace\webframework\target\test-classes\..\..\test-output\resources\images\mktree\seleniumtests_plus.gif
15:20:15.891 ERROR reporter.SeleniumTestsReporter -can not find resource on the class path: reporter/images/mktree/seleniumtests_plus.gif
15:20:15.897 DEBUG reporter.SeleniumTestsReporter -Begin to write resource reporter/images/mktree/seleniumtests_test1.gif to file C:\Users\IBM_ADMIN\eclipse-workspace\webframework\target\test-classes\..\..\test-output\resources\images\mktree\seleniumtests_test1.gif
15:20:15.912 ERROR reporter.SeleniumTestsReporter -can not find resource on the class path: reporter/images/mktree/seleniumtests_test1.gif
15:20:15.917 DEBUG reporter.SeleniumTestsReporter -Begin to write resource reporter/images/mktree/seleniumtests_test2.gif to file C:\Users\IBM_ADMIN\eclipse-workspace\webframework\target\test-classes\..\..\test-output\resources\images\mktree\seleniumtests_test2.gif
15:20:15.932 ERROR reporter.SeleniumTestsReporter -can not find resource on the class path: reporter/images/mktree/seleniumtests_test2.gif
15:20:15.938 DEBUG reporter.SeleniumTestsReporter -Begin to write resource reporter/images/mktree/seleniumtests_test3.gif to file C:\Users\IBM_ADMIN\eclipse-workspace\webframework\target\test-classes\..\..\test-output\resources\images\mktree\seleniumtests_test3.gif
15:20:15.953 ERROR reporter.SeleniumTestsReporter -can not find resource on the class path: reporter/images/mktree/seleniumtests_test3.gif
15:20:15.958 DEBUG reporter.SeleniumTestsReporter -Begin to write resource reporter/images/mktree/seleniumtests_test3.gif to file C:\Users\IBM_ADMIN\eclipse-workspace\webframework\target\test-classes\..\..\test-output\resources\images\mktree\seleniumtests_test3.gif
15:20:15.973 ERROR reporter.SeleniumTestsReporter -can not find resource on the class path: reporter/images/mktree/seleniumtests_test3.gif
15:20:15.979 DEBUG reporter.SeleniumTestsReporter -Begin to write resource reporter/images/yukontoolbox/seleniumtests_footer_grad.gif to file C:\Users\IBM_ADMIN\eclipse-workspace\webframework\target\test-classes\..\..\test-output\resources\images\yukontoolbox\seleniumtests_footer_grad.gif
15:20:15.995 ERROR reporter.SeleniumTestsReporter -can not find resource on the class path: reporter/images/yukontoolbox/seleniumtests_footer_grad.gif
15:20:16.001 DEBUG reporter.SeleniumTestsReporter -Begin to write resource reporter/images/yukontoolbox/seleniumtests_grey_bl.gif to file C:\Users\IBM_ADMIN\eclipse-workspace\webframework\target\test-classes\..\..\test-output\resources\images\yukontoolbox\seleniumtests_grey_bl.gif
15:20:16.016 ERROR reporter.SeleniumTestsReporter -can not find resource on the class path: reporter/images/yukontoolbox/seleniumtests_grey_bl.gif
15:20:16.022 DEBUG reporter.SeleniumTestsReporter -Begin to write resource reporter/images/yukontoolbox/seleniumtests_grey_br.gif to file C:\Users\IBM_ADMIN\eclipse-workspace\webframework\target\test-classes\..\..\test-output\resources\images\yukontoolbox\seleniumtests_grey_br.gif
15:20:16.038 ERROR reporter.SeleniumTestsReporter -can not find resource on the class path: reporter/images/yukontoolbox/seleniumtests_grey_br.gif
15:20:16.044 DEBUG reporter.SeleniumTestsReporter -Begin to write resource reporter/images/yukontoolbox/seleniumtests_hovertab_l.gif to file C:\Users\IBM_ADMIN\eclipse-workspace\webframework\target\test-classes\..\..\test-output\resources\images\yukontoolbox\seleniumtests_hovertab_l.gif
15:20:16.059 ERROR reporter.SeleniumTestsReporter -can not find resource on the class path: reporter/images/yukontoolbox/seleniumtests_hovertab_l.gif
15:20:16.065 DEBUG reporter.SeleniumTestsReporter -Begin to write resource reporter/images/yukontoolbox/seleniumtests_hovertab_r.gif to file C:\Users\IBM_ADMIN\eclipse-workspace\webframework\target\test-classes\..\..\test-output\resources\images\yukontoolbox\seleniumtests_hovertab_r.gif
15:20:16.080 ERROR reporter.SeleniumTestsReporter -can not find resource on the class path: reporter/images/yukontoolbox/seleniumtests_hovertab_r.gif
15:20:16.087 DEBUG reporter.SeleniumTestsReporter -Begin to write resource reporter/images/yukontoolbox/seleniumtests_tabbed_nav_goldgradbg.png to file C:\Users\IBM_ADMIN\eclipse-workspace\webframework\target\test-classes\..\..\test-output\resources\images\yukontoolbox\seleniumtests_tabbed_nav_goldgradbg.png
15:20:16.102 ERROR reporter.SeleniumTestsReporter -can not find resource on the class path: reporter/images/yukontoolbox/seleniumtests_tabbed_nav_goldgradbg.png
15:20:16.109 DEBUG reporter.SeleniumTestsReporter -Begin to write resource reporter/images/yukontoolbox/seleniumtests_table_sep_left.gif to file C:\Users\IBM_ADMIN\eclipse-workspace\webframework\target\test-classes\..\..\test-output\resources\images\yukontoolbox\seleniumtests_table_sep_left.gif
15:20:16.124 ERROR reporter.SeleniumTestsReporter -can not find resource on the class path: reporter/images/yukontoolbox/seleniumtests_table_sep_left.gif
15:20:16.130 DEBUG reporter.SeleniumTestsReporter -Begin to write resource reporter/images/yukontoolbox/seleniumtests_table_sep_right.gif to file C:\Users\IBM_ADMIN\eclipse-workspace\webframework\target\test-classes\..\..\test-output\resources\images\yukontoolbox\seleniumtests_table_sep_right.gif
15:20:16.146 ERROR reporter.SeleniumTestsReporter -can not find resource on the class path: reporter/images/yukontoolbox/seleniumtests_table_sep_right.gif
15:20:16.153 DEBUG reporter.SeleniumTestsReporter -Begin to write resource reporter/images/yukontoolbox/seleniumtests_table_zebrastripe_left.gif to file C:\Users\IBM_ADMIN\eclipse-workspace\webframework\target\test-classes\..\..\test-output\resources\images\yukontoolbox\seleniumtests_table_zebrastripe_left.gif
15:20:16.169 ERROR reporter.SeleniumTestsReporter -can not find resource on the class path: reporter/images/yukontoolbox/seleniumtests_table_zebrastripe_left.gif
15:20:16.175 DEBUG reporter.SeleniumTestsReporter -Begin to write resource reporter/images/yukontoolbox/seleniumtests_table_zebrastripe_right.gif to file C:\Users\IBM_ADMIN\eclipse-workspace\webframework\target\test-classes\..\..\test-output\resources\images\yukontoolbox\seleniumtests_table_zebrastripe_right.gif
15:20:16.191 ERROR reporter.SeleniumTestsReporter -can not find resource on the class path: reporter/images/yukontoolbox/seleniumtests_table_zebrastripe_right.gif
15:20:16.197 DEBUG reporter.SeleniumTestsReporter -Begin to write resource reporter/images/yukontoolbox/seleniumtests_yellow_tr.gif to file C:\Users\IBM_ADMIN\eclipse-workspace\webframework\target\test-classes\..\..\test-output\resources\images\yukontoolbox\seleniumtests_yellow_tr.gif
15:20:16.212 ERROR reporter.SeleniumTestsReporter -can not find resource on the class path: reporter/images/yukontoolbox/seleniumtests_yellow_tr.gif
15:20:16.219 DEBUG reporter.SeleniumTestsReporter -Begin to write resource reporter/js/jquery-1.10.2.min.js to file C:\Users\IBM_ADMIN\eclipse-workspace\webframework\target\test-classes\..\..\test-output\resources\js\jquery-1.10.2.min.js
15:20:16.233 ERROR reporter.SeleniumTestsReporter -can not find resource on the class path: reporter/js/jquery-1.10.2.min.js
15:20:16.239 DEBUG reporter.SeleniumTestsReporter -Begin to write resource reporter/js/jquery.lightbox-0.5.min.js to file C:\Users\IBM_ADMIN\eclipse-workspace\webframework\target\test-classes\..\..\test-output\resources\js\jquery.lightbox-0.5.min.js
15:20:16.253 ERROR reporter.SeleniumTestsReporter -can not find resource on the class path: reporter/js/jquery.lightbox-0.5.min.js
15:20:16.258 DEBUG reporter.SeleniumTestsReporter -Begin to write resource reporter/js/mktree.js to file C:\Users\IBM_ADMIN\eclipse-workspace\webframework\target\test-classes\..\..\test-output\resources\js\mktree.js
15:20:16.273 ERROR reporter.SeleniumTestsReporter -can not find resource on the class path: reporter/js/mktree.js
15:20:16.277 DEBUG reporter.SeleniumTestsReporter -Begin to write resource reporter/js/report.js to file C:\Users\IBM_ADMIN\eclipse-workspace\webframework\target\test-classes\..\..\test-output\resources\js\report.js
15:20:16.292 ERROR reporter.SeleniumTestsReporter -can not find resource on the class path: reporter/js/report.js
15:20:16.297 DEBUG reporter.SeleniumTestsReporter -Begin to write resource reporter/js/browserdetect.js to file C:\Users\IBM_ADMIN\eclipse-workspace\webframework\target\test-classes\..\..\test-output\resources\js\browserdetect.js
15:20:16.312 ERROR reporter.SeleniumTestsReporter -can not find resource on the class path: reporter/js/browserdetect.js
15:20:17.015 INFO  reporter.SeleniumTestsReporter -Completed Report Generation.
15:25:18.229 INFO  reporter.SeleniumTestsReporter -generating report C:\Users\IBM_ADMIN\eclipse-workspace\webframework\target\test-classes\..\..\test-output\SeleniumTestReport.html
15:25:18.518 DEBUG reporter.SeleniumTestsReporter -Begin to write resource reporter/css/report.css to file C:\Users\IBM_ADMIN\eclipse-workspace\webframework\target\test-classes\..\..\test-output\resources\css\report.css
15:25:18.528 DEBUG reporter.SeleniumTestsReporter -Begin to write resource reporter/css/jquery.lightbox-0.5.css to file C:\Users\IBM_ADMIN\eclipse-workspace\webframework\target\test-classes\..\..\test-output\resources\css\jquery.lightbox-0.5.css
15:25:18.532 DEBUG reporter.SeleniumTestsReporter -Begin to write resource reporter/css/mktree.css to file C:\Users\IBM_ADMIN\eclipse-workspace\webframework\target\test-classes\..\..\test-output\resources\css\mktree.css
15:25:18.536 DEBUG reporter.SeleniumTestsReporter -Begin to write resource reporter/images/lightbox/seleniumtests_lightbox-blank.gif to file C:\Users\IBM_ADMIN\eclipse-workspace\webframework\target\test-classes\..\..\test-output\resources\images\lightbox\seleniumtests_lightbox-blank.gif
15:25:18.550 DEBUG reporter.SeleniumTestsReporter -Begin to write resource reporter/images/lightbox/seleniumtests_lightbox-btn-close.gif to file C:\Users\IBM_ADMIN\eclipse-workspace\webframework\target\test-classes\..\..\test-output\resources\images\lightbox\seleniumtests_lightbox-btn-close.gif
15:25:18.554 DEBUG reporter.SeleniumTestsReporter -Begin to write resource reporter/images/lightbox/seleniumtests_lightbox-btn-next.gif to file C:\Users\IBM_ADMIN\eclipse-workspace\webframework\target\test-classes\..\..\test-output\resources\images\lightbox\seleniumtests_lightbox-btn-next.gif
15:25:18.559 DEBUG reporter.SeleniumTestsReporter -Begin to write resource reporter/images/lightbox/seleniumtests_lightbox-btn-prev.gif to file C:\Users\IBM_ADMIN\eclipse-workspace\webframework\target\test-classes\..\..\test-output\resources\images\lightbox\seleniumtests_lightbox-btn-prev.gif
15:25:18.563 DEBUG reporter.SeleniumTestsReporter -Begin to write resource reporter/images/lightbox/seleniumtests_lightbox-ico-loading.gif to file C:\Users\IBM_ADMIN\eclipse-workspace\webframework\target\test-classes\..\..\test-output\resources\images\lightbox\seleniumtests_lightbox-ico-loading.gif
15:25:18.567 DEBUG reporter.SeleniumTestsReporter -Begin to write resource reporter/images/mktree/seleniumtests_bullet.gif to file C:\Users\IBM_ADMIN\eclipse-workspace\webframework\target\test-classes\..\..\test-output\resources\images\mktree\seleniumtests_bullet.gif
15:25:18.581 DEBUG reporter.SeleniumTestsReporter -Begin to write resource reporter/images/mktree/seleniumtests_minus.gif to file C:\Users\IBM_ADMIN\eclipse-workspace\webframework\target\test-classes\..\..\test-output\resources\images\mktree\seleniumtests_minus.gif
15:25:18.585 DEBUG reporter.SeleniumTestsReporter -Begin to write resource reporter/images/mktree/seleniumtests_plus.gif to file C:\Users\IBM_ADMIN\eclipse-workspace\webframework\target\test-classes\..\..\test-output\resources\images\mktree\seleniumtests_plus.gif
15:25:18.590 DEBUG reporter.SeleniumTestsReporter -Begin to write resource reporter/images/mktree/seleniumtests_test1.gif to file C:\Users\IBM_ADMIN\eclipse-workspace\webframework\target\test-classes\..\..\test-output\resources\images\mktree\seleniumtests_test1.gif
15:25:18.594 DEBUG reporter.SeleniumTestsReporter -Begin to write resource reporter/images/mktree/seleniumtests_test2.gif to file C:\Users\IBM_ADMIN\eclipse-workspace\webframework\target\test-classes\..\..\test-output\resources\images\mktree\seleniumtests_test2.gif
15:25:18.597 DEBUG reporter.SeleniumTestsReporter -Begin to write resource reporter/images/mktree/seleniumtests_test3.gif to file C:\Users\IBM_ADMIN\eclipse-workspace\webframework\target\test-classes\..\..\test-output\resources\images\mktree\seleniumtests_test3.gif
15:25:18.600 DEBUG reporter.SeleniumTestsReporter -Begin to write resource reporter/images/mktree/seleniumtests_test3.gif to file C:\Users\IBM_ADMIN\eclipse-workspace\webframework\target\test-classes\..\..\test-output\resources\images\mktree\seleniumtests_test3.gif
15:25:18.603 DEBUG reporter.SeleniumTestsReporter -Begin to write resource reporter/images/yukontoolbox/seleniumtests_footer_grad.gif to file C:\Users\IBM_ADMIN\eclipse-workspace\webframework\target\test-classes\..\..\test-output\resources\images\yukontoolbox\seleniumtests_footer_grad.gif
15:25:18.612 DEBUG reporter.SeleniumTestsReporter -Begin to write resource reporter/images/yukontoolbox/seleniumtests_grey_bl.gif to file C:\Users\IBM_ADMIN\eclipse-workspace\webframework\target\test-classes\..\..\test-output\resources\images\yukontoolbox\seleniumtests_grey_bl.gif
15:25:18.615 DEBUG reporter.SeleniumTestsReporter -Begin to write resource reporter/images/yukontoolbox/seleniumtests_grey_br.gif to file C:\Users\IBM_ADMIN\eclipse-workspace\webframework\target\test-classes\..\..\test-output\resources\images\yukontoolbox\seleniumtests_grey_br.gif
15:25:18.618 DEBUG reporter.SeleniumTestsReporter -Begin to write resource reporter/images/yukontoolbox/seleniumtests_hovertab_l.gif to file C:\Users\IBM_ADMIN\eclipse-workspace\webframework\target\test-classes\..\..\test-output\resources\images\yukontoolbox\seleniumtests_hovertab_l.gif
15:25:18.621 DEBUG reporter.SeleniumTestsReporter -Begin to write resource reporter/images/yukontoolbox/seleniumtests_hovertab_r.gif to file C:\Users\IBM_ADMIN\eclipse-workspace\webframework\target\test-classes\..\..\test-output\resources\images\yukontoolbox\seleniumtests_hovertab_r.gif
15:25:18.624 DEBUG reporter.SeleniumTestsReporter -Begin to write resource reporter/images/yukontoolbox/seleniumtests_tabbed_nav_goldgradbg.png to file C:\Users\IBM_ADMIN\eclipse-workspace\webframework\target\test-classes\..\..\test-output\resources\images\yukontoolbox\seleniumtests_tabbed_nav_goldgradbg.png
15:25:18.627 DEBUG reporter.SeleniumTestsReporter -Begin to write resource reporter/images/yukontoolbox/seleniumtests_table_sep_left.gif to file C:\Users\IBM_ADMIN\eclipse-workspace\webframework\target\test-classes\..\..\test-output\resources\images\yukontoolbox\seleniumtests_table_sep_left.gif
15:25:18.630 DEBUG reporter.SeleniumTestsReporter -Begin to write resource reporter/images/yukontoolbox/seleniumtests_table_sep_right.gif to file C:\Users\IBM_ADMIN\eclipse-workspace\webframework\target\test-classes\..\..\test-output\resources\images\yukontoolbox\seleniumtests_table_sep_right.gif
15:25:18.633 DEBUG reporter.SeleniumTestsReporter -Begin to write resource reporter/images/yukontoolbox/seleniumtests_table_zebrastripe_left.gif to file C:\Users\IBM_ADMIN\eclipse-workspace\webframework\target\test-classes\..\..\test-output\resources\images\yukontoolbox\seleniumtests_table_zebrastripe_left.gif
15:25:18.636 DEBUG reporter.SeleniumTestsReporter -Begin to write resource reporter/images/yukontoolbox/seleniumtests_table_zebrastripe_right.gif to file C:\Users\IBM_ADMIN\eclipse-workspace\webframework\target\test-classes\..\..\test-output\resources\images\yukontoolbox\seleniumtests_table_zebrastripe_right.gif
15:25:18.639 DEBUG reporter.SeleniumTestsReporter -Begin to write resource reporter/images/yukontoolbox/seleniumtests_yellow_tr.gif to file C:\Users\IBM_ADMIN\eclipse-workspace\webframework\target\test-classes\..\..\test-output\resources\images\yukontoolbox\seleniumtests_yellow_tr.gif
15:25:18.642 DEBUG reporter.SeleniumTestsReporter -Begin to write resource reporter/js/jquery-1.10.2.min.js to file C:\Users\IBM_ADMIN\eclipse-workspace\webframework\target\test-classes\..\..\test-output\resources\js\jquery-1.10.2.min.js
15:25:18.652 DEBUG reporter.SeleniumTestsReporter -Begin to write resource reporter/js/jquery.lightbox-0.5.min.js to file C:\Users\IBM_ADMIN\eclipse-workspace\webframework\target\test-classes\..\..\test-output\resources\js\jquery.lightbox-0.5.min.js
15:25:18.655 DEBUG reporter.SeleniumTestsReporter -Begin to write resource reporter/js/mktree.js to file C:\Users\IBM_ADMIN\eclipse-workspace\webframework\target\test-classes\..\..\test-output\resources\js\mktree.js
15:25:18.658 DEBUG reporter.SeleniumTestsReporter -Begin to write resource reporter/js/report.js to file C:\Users\IBM_ADMIN\eclipse-workspace\webframework\target\test-classes\..\..\test-output\resources\js\report.js
15:25:18.661 DEBUG reporter.SeleniumTestsReporter -Begin to write resource reporter/js/browserdetect.js to file C:\Users\IBM_ADMIN\eclipse-workspace\webframework\target\test-classes\..\..\test-output\resources\js\browserdetect.js
15:25:18.664 INFO  reporter.SeleniumTestsReporter -Completed Report Generation.
