15:04:22.891 INFO  extent.ExtentListener -$$$$$ Suite Selenium Web Framework with Factory and Data Provider started.$$$$$
15:04:22.940 INFO  extent.ExtentListener -****** Test Factory with Data Provider started. ***
15:04:22.948 INFO  core.BaseTestPlan -@BeforeTest - Factory with Data Provider started. ***
15:04:22.964 INFO  core.BaseTestPlan -@BeforeMethod - Thread[TestNG-test=Factory with Data Provider-1,5,main] Method testNextisEnabled started. ***
15:04:22.970 INFO  extent.ExtentListener -*** TesttestNextisEnabled started. ***
15:04:39.448 INFO  webelements.webBasePage -Thread[TestNG-test=Factory with Data Provider-1,5,main] assert buttonelement <a style="font-style:normal;color:#8C8984;text-decoration:none;" href=# ">Next Button,: By.id: nextBtn</a> is enabled.
15:04:39.508 ERROR extent.ExtentListener -testNextisEnabled failed.
15:04:40.093 INFO  core.BaseTestPlan -@AfterMethod - Thread[TestNG-test=Factory with Data Provider-1,5,main]testNextisEnabled finished.
15:04:40.097 INFO  extent.ExtentListener -****** TestFactory with Data Provider finished. ******
15:04:40.588 INFO  core.BaseTestPlan -@AfterSuite - Test Suite Execution Time: 0 minutes. ***
15:04:40.588 INFO  extent.ExtentListener -$$$$$ Suite Selenium Web Framework with Factory and Data Provider finished.$$$$$
15:07:19.822 INFO  extent.ExtentListener -$$$$$ Suite Selenium Web Framework with Factory and Data Provider started.$$$$$
15:07:19.848 INFO  core.BaseTestPlan -@@BeforeSuite - Test Suite Started: 1540825639848
15:07:19.850 INFO  extent.ExtentListener -****** Test Factory with Data Provider started. ***
15:07:19.856 INFO  core.BaseTestPlan -@BeforeTest - Factory with Data Provider started. ***
15:07:19.869 INFO  core.BaseTestPlan -@BeforeMethod - Thread[TestNG-test=Factory with Data Provider-1,5,main] Method testNextisEnabled started. ***
15:07:19.875 INFO  extent.ExtentListener -*** TesttestNextisEnabled started. ***
15:07:35.220 INFO  webelements.webBasePage -Thread[TestNG-test=Factory with Data Provider-1,5,main] assert buttonelement <a style="font-style:normal;color:#8C8984;text-decoration:none;" href=# ">Next Button,: By.id: nextBtn</a> is enabled.
15:07:35.487 ERROR extent.ExtentListener -testNextisEnabled failed.
15:07:36.013 INFO  core.BaseTestPlan -@AfterMethod - Thread[TestNG-test=Factory with Data Provider-1,5,main]testNextisEnabled finished.
15:07:36.022 INFO  extent.ExtentListener -****** TestFactory with Data Provider finished. ******
15:07:36.471 INFO  core.BaseTestPlan -@AfterSuite - Test Suite Execution Time: 0 minutes. ***
15:07:36.471 INFO  extent.ExtentListener -$$$$$ Suite Selenium Web Framework with Factory and Data Provider finished.$$$$$
15:35:48.624 INFO  extent.ExtentListener -$$$$$ Suite Selenium Web Framework with Factory and Data Provider started.$$$$$
15:35:48.654 INFO  core.BaseTestPlan -@@BeforeSuite - Test Suite Started: 1540827348654
15:35:48.656 INFO  extent.ExtentListener -****** Test Factory with Data Provider started. ***
15:35:48.662 INFO  core.BaseTestPlan -@BeforeTest - Factory with Data Provider started. ***
15:35:48.678 INFO  core.BaseTestPlan -@BeforeMethod - Thread[TestNG-test=Factory with Data Provider-1,5,main] Method testNextisEnabled started. ***
15:35:48.683 INFO  extent.ExtentListener -*** TesttestNextisEnabled started. ***
15:36:04.912 INFO  webelements.webBasePage -Thread[TestNG-test=Factory with Data Provider-1,5,main] assert buttonelement <a style="font-style:normal;color:#8C8984;text-decoration:none;" href=# ">Next Button,: By.id: nextBtn</a> is enabled.
15:36:04.975 WARN  extent.ExtentListener -testNextisEnabled skipped.
15:36:04.989 INFO  core.BaseTestPlan -@AfterMethod - Thread[TestNG-test=Factory with Data Provider-1,5,main]testNextisEnabled finished.
15:36:04.990 INFO  core.BaseTestPlan -@BeforeMethod - Thread[TestNG-test=Factory with Data Provider-1,5,main] Method testNextisEnabled started. ***
15:36:04.991 INFO  extent.ExtentListener -*** TesttestNextisEnabled started. ***
15:36:05.231 INFO  webelements.webBasePage -Thread[TestNG-test=Factory with Data Provider-1,5,main] assert buttonelement <a style="font-style:normal;color:#8C8984;text-decoration:none;" href=# ">Next Button,: By.id: nextBtn</a> is enabled.
15:36:05.272 WARN  extent.ExtentListener -testNextisEnabled skipped.
15:36:05.274 INFO  core.BaseTestPlan -@AfterMethod - Thread[TestNG-test=Factory with Data Provider-1,5,main]testNextisEnabled finished.
15:36:05.274 INFO  core.BaseTestPlan -@BeforeMethod - Thread[TestNG-test=Factory with Data Provider-1,5,main] Method testNextisEnabled started. ***
15:36:05.276 INFO  extent.ExtentListener -*** TesttestNextisEnabled started. ***
15:36:05.386 INFO  webelements.webBasePage -Thread[TestNG-test=Factory with Data Provider-1,5,main] assert buttonelement <a style="font-style:normal;color:#8C8984;text-decoration:none;" href=# ">Next Button,: By.id: nextBtn</a> is enabled.
15:36:05.411 WARN  extent.ExtentListener -testNextisEnabled skipped.
15:36:05.415 INFO  core.BaseTestPlan -@AfterMethod - Thread[TestNG-test=Factory with Data Provider-1,5,main]testNextisEnabled finished.
15:36:05.415 INFO  core.BaseTestPlan -@BeforeMethod - Thread[TestNG-test=Factory with Data Provider-1,5,main] Method testNextisEnabled started. ***
15:36:05.417 INFO  extent.ExtentListener -*** TesttestNextisEnabled started. ***
15:36:05.559 INFO  webelements.webBasePage -Thread[TestNG-test=Factory with Data Provider-1,5,main] assert buttonelement <a style="font-style:normal;color:#8C8984;text-decoration:none;" href=# ">Next Button,: By.id: nextBtn</a> is enabled.
15:36:05.590 ERROR extent.ExtentListener -testNextisEnabled failed.
15:36:05.969 INFO  core.BaseTestPlan -@AfterMethod - Thread[TestNG-test=Factory with Data Provider-1,5,main]testNextisEnabled finished.
15:36:05.975 INFO  extent.ExtentListener -****** TestFactory with Data Provider finished. ******
15:36:06.728 INFO  core.BaseTestPlan -@AfterSuite - Test Suite Execution Time: 0 minutes. ***
15:36:06.728 INFO  extent.ExtentListener -$$$$$ Suite Selenium Web Framework with Factory and Data Provider finished.$$$$$
